<?xml version="1.0" encoding="UTF-8"?>
<!-- Generated by org.testng.reporters.JUnitXMLReporter -->
<testsuite ignored="0" hostname="LIN41006202" failures="3" tests="6" name="Test" time="134.25" errors="0" timestamp="2023-06-09T11:11:04 IST">
  <testcase classname="io.cucumber.testng.AbstractTestNGCucumberTests" name="runScenario" time="29.246"/>
  <testcase classname="io.cucumber.testng.AbstractTestNGCucumberTests" name="runScenario" time="26.978"/>
  <testcase classname="io.cucumber.testng.AbstractTestNGCucumberTests" name="runScenario" time="8.579">
    <failure type="java.lang.NullPointerException" message="Cannot invoke &amp;quot;com.aventstack.extentreports.ExtentTest.log(com.aventstack.extentreports.Status, String)&amp;quot; because &amp;quot;HomeLoanspage_stepdefinitions.HomeLoansPage1.logger&amp;quot; is null">
      <![CDATA[java.lang.NullPointerException: Cannot invoke "com.aventstack.extentreports.ExtentTest.log(com.aventstack.extentreports.Status, String)" because "HomeLoanspage_stepdefinitions.HomeLoansPage1.logger" is null
at HomeLoanspage_stepdefinitions.HomeLoansPage1.user_navitages_on_landing_page(HomeLoansPage1.java:57)
at ✽.user navitages on Landing Page(file:///C:/Users/LPENAGAN/eclipse-workspace/MagicBricks_HomeLoans_Devi/src/test/resources/Features/HomeLoans.feature:5)
]]>
    </failure>
  </testcase> <!-- runScenario -->
  <testcase classname="io.cucumber.testng.AbstractTestNGCucumberTests" name="runScenario" time="29.618">
    <failure type="java.lang.NullPointerException" message="Cannot invoke &amp;quot;com.aventstack.extentreports.ExtentTest.log(com.aventstack.extentreports.Status, String)&amp;quot; because &amp;quot;HomeLoanspage_stepdefinitions.HomeLoansPage1.logger&amp;quot; is null">
      <![CDATA[java.lang.NullPointerException: Cannot invoke "com.aventstack.extentreports.ExtentTest.log(com.aventstack.extentreports.Status, String)" because "HomeLoanspage_stepdefinitions.HomeLoansPage1.logger" is null
at HomeLoanspage_stepdefinitions.HomeLoansPage1.user_clicks_on_login_button_and_login_with_emial_id_and_password(HomeLoansPage1.java:94)
at ✽.user clicks  on login button and login with EmialID and password(file:///C:/Users/LPENAGAN/eclipse-workspace/MagicBricks_HomeLoans_Devi/src/test/resources/Features/HomeLoans.feature:11)
]]>
    </failure>
  </testcase> <!-- runScenario -->
  <testcase classname="io.cucumber.testng.AbstractTestNGCucumberTests" name="runScenario" time="11.411">
    <failure type="java.lang.NullPointerException" message="Cannot invoke &amp;quot;com.aventstack.extentreports.ExtentTest.log(com.aventstack.extentreports.Status, String)&amp;quot; because &amp;quot;HomeLoanspage_stepdefinitions.HomeLoansPage1.logger&amp;quot; is null">
      <![CDATA[java.lang.NullPointerException: Cannot invoke "com.aventstack.extentreports.ExtentTest.log(com.aventstack.extentreports.Status, String)" because "HomeLoanspage_stepdefinitions.HomeLoansPage1.logger" is null
at HomeLoanspage_stepdefinitions.HomeLoansPage1.user_clicks_on_home_loans(HomeLoansPage1.java:129)
at ✽.user clicks on Home loans(file:///C:/Users/LPENAGAN/eclipse-workspace/MagicBricks_HomeLoans_Devi/src/test/resources/Features/HomeLoans.feature:20)
]]>
    </failure>
  </testcase> <!-- runScenario -->
  <testcase classname="io.cucumber.testng.AbstractTestNGCucumberTests" name="runScenario" time="27.395"/>
</testsuite> <!-- Test -->
