<html>
<head>
<title>TestNG:  Test</title>
<link href="../testng.css" rel="stylesheet" type="text/css" />
<link href="../my-testng.css" rel="stylesheet" type="text/css" />

<style type="text/css">
.log { display: none;} 
.stack-trace { display: none;} 
</style>
<script type="text/javascript">
<!--
function flip(e) {
  current = e.style.display;
  if (current == 'block') {
    e.style.display = 'none';
    return 0;
  }
  else {
    e.style.display = 'block';
    return 1;
  }
}

function toggleBox(szDivId, elem, msg1, msg2)
{
  var res = -1;  if (document.getElementById) {
    res = flip(document.getElementById(szDivId));
  }
  else if (document.all) {
    // this is the way old msie versions work
    res = flip(document.all[szDivId]);
  }
  if(elem) {
    if(res == 0) elem.innerHTML = msg1; else elem.innerHTML = msg2;
  }

}

function toggleAllBoxes() {
  if (document.getElementsByTagName) {
    d = document.getElementsByTagName('div');
    for (i = 0; i < d.length; i++) {
      if (d[i].className == 'log') {
        flip(d[i]);
      }
    }
  }
}

// -->
</script>

</head>
<body>
<h2 align='center'>Test</h2><table border='1' align="center">
<tr>
<td>Tests passed/Failed/Skipped:</td><td>3/3/0</td>
</tr><tr>
<td>Started on:</td><td>Fri Jun 09 11:08:49 IST 2023</td>
</tr>
<tr><td>Total time:</td><td>134 seconds (134250 ms)</td>
</tr><tr>
<td>Included groups:</td><td></td>
</tr><tr>
<td>Excluded groups:</td><td></td>
</tr>
</table><p/>
<small><i>(Hover the method name to see the test class name)</i></small><p/>
<table width='100%' border='1' class='invocation-failed'>
<tr><td colspan='4' align='center'><b>FAILED TESTS</b></td></tr>
<tr><td><b>Test method</b></td>
<td><b>Attribute(s)</b></td>
<td width="30%"><b>Exception</b></td>
<td width="10%"><b>Time (seconds)</b></td>
<td><b>Instance</b></td>
</tr>
<tr>
<td title='testrunner.HomeLoansPage_TestRunner.runScenario()'><b>runScenario</b><br>Test class: testrunner.HomeLoansPage_TestRunner<br>Test method: Runs Cucumber Scenarios<br>Parameters: "Validate ChcekEligiblity Fields", "MagicBricks HomeLoans"</td>
<td><div><pre>java.lang.NullPointerException: Cannot invoke &quot;com.aventstack.extentreports.ExtentTest.log(com.aventstack.extentreports.Status, String)&quot; because &quot;HomeLoanspage_stepdefinitions.HomeLoansPage1.logger&quot; is null
	at HomeLoanspage_stepdefinitions.HomeLoansPage1.user_clicks_on_home_loans(HomeLoansPage1.java:129)
	at ✽.user clicks on Home loans(file:///C:/Users/LPENAGAN/eclipse-workspace/MagicBricks_HomeLoans_Devi/src/test/resources/Features/HomeLoans.feature:20)
</pre></div><a href='#' onClick='toggleBox("stack-trace1657009494", this, "Click to show all stack frames", "Click to hide stack frames")'>Click to show all stack frames</a>
<div class='stack-trace' id='stack-trace1657009494'><pre>java.lang.NullPointerException: Cannot invoke &quot;com.aventstack.extentreports.ExtentTest.log(com.aventstack.extentreports.Status, String)&quot; because &quot;HomeLoanspage_stepdefinitions.HomeLoansPage1.logger&quot; is null
	at HomeLoanspage_stepdefinitions.HomeLoansPage1.user_clicks_on_home_loans(HomeLoansPage1.java:129)
	at ✽.user clicks on Home loans(file:///C:/Users/LPENAGAN/eclipse-workspace/MagicBricks_HomeLoans_Devi/src/test/resources/Features/HomeLoans.feature:20)
</pre></div></td>
<td>11</td>
<td>testrunner.HomeLoansPage_TestRunner@d737b89</td></tr>
<tr>
<td title='testrunner.HomeLoansPage_TestRunner.runScenario()'><b>runScenario</b><br>Test class: testrunner.HomeLoansPage_TestRunner<br>Test method: Runs Cucumber Scenarios<br>Parameters: "Validate user Navigates to Home Loans", "MagicBricks HomeLoans"</td>
<td><div><pre>java.lang.NullPointerException: Cannot invoke &quot;com.aventstack.extentreports.ExtentTest.log(com.aventstack.extentreports.Status, String)&quot; because &quot;HomeLoanspage_stepdefinitions.HomeLoansPage1.logger&quot; is null
	at HomeLoanspage_stepdefinitions.HomeLoansPage1.user_navitages_on_landing_page(HomeLoansPage1.java:57)
	at ✽.user navitages on Landing Page(file:///C:/Users/LPENAGAN/eclipse-workspace/MagicBricks_HomeLoans_Devi/src/test/resources/Features/HomeLoans.feature:5)
</pre></div><a href='#' onClick='toggleBox("stack-trace2135089262", this, "Click to show all stack frames", "Click to hide stack frames")'>Click to show all stack frames</a>
<div class='stack-trace' id='stack-trace2135089262'><pre>java.lang.NullPointerException: Cannot invoke &quot;com.aventstack.extentreports.ExtentTest.log(com.aventstack.extentreports.Status, String)&quot; because &quot;HomeLoanspage_stepdefinitions.HomeLoansPage1.logger&quot; is null
	at HomeLoanspage_stepdefinitions.HomeLoansPage1.user_navitages_on_landing_page(HomeLoansPage1.java:57)
	at ✽.user navitages on Landing Page(file:///C:/Users/LPENAGAN/eclipse-workspace/MagicBricks_HomeLoans_Devi/src/test/resources/Features/HomeLoans.feature:5)
</pre></div></td>
<td>8</td>
<td>testrunner.HomeLoansPage_TestRunner@d737b89</td></tr>
<tr>
<td title='testrunner.HomeLoansPage_TestRunner.runScenario()'><b>runScenario</b><br>Test class: testrunner.HomeLoansPage_TestRunner<br>Test method: Runs Cucumber Scenarios<br>Parameters: "Verify  user Navigation to Home Loans", "MagicBricks HomeLoans"</td>
<td><div><pre>java.lang.NullPointerException: Cannot invoke &quot;com.aventstack.extentreports.ExtentTest.log(com.aventstack.extentreports.Status, String)&quot; because &quot;HomeLoanspage_stepdefinitions.HomeLoansPage1.logger&quot; is null
	at HomeLoanspage_stepdefinitions.HomeLoansPage1.user_clicks_on_login_button_and_login_with_emial_id_and_password(HomeLoansPage1.java:94)
	at ✽.user clicks  on login button and login with EmialID and password(file:///C:/Users/LPENAGAN/eclipse-workspace/MagicBricks_HomeLoans_Devi/src/test/resources/Features/HomeLoans.feature:11)
</pre></div><a href='#' onClick='toggleBox("stack-trace1620573353", this, "Click to show all stack frames", "Click to hide stack frames")'>Click to show all stack frames</a>
<div class='stack-trace' id='stack-trace1620573353'><pre>java.lang.NullPointerException: Cannot invoke &quot;com.aventstack.extentreports.ExtentTest.log(com.aventstack.extentreports.Status, String)&quot; because &quot;HomeLoanspage_stepdefinitions.HomeLoansPage1.logger&quot; is null
	at HomeLoanspage_stepdefinitions.HomeLoansPage1.user_clicks_on_login_button_and_login_with_emial_id_and_password(HomeLoansPage1.java:94)
	at ✽.user clicks  on login button and login with EmialID and password(file:///C:/Users/LPENAGAN/eclipse-workspace/MagicBricks_HomeLoans_Devi/src/test/resources/Features/HomeLoans.feature:11)
</pre></div></td>
<td>29</td>
<td>testrunner.HomeLoansPage_TestRunner@d737b89</td></tr>
</table><p>
<table width='100%' border='1' class='invocation-passed'>
<tr><td colspan='4' align='center'><b>PASSED TESTS</b></td></tr>
<tr><td><b>Test method</b></td>
<td><b>Attribute(s)</b></td>
<td width="30%"><b>Exception</b></td>
<td width="10%"><b>Time (seconds)</b></td>
<td><b>Instance</b></td>
</tr>
<tr>
<td title='testrunner.HomeLoans2testRunner.runScenario()'><b>runScenario</b><br>Test class: testrunner.HomeLoans2testRunner<br>Test method: Runs Cucumber Scenarios<br>Parameters: "validate User enter Income with valid data", "MagicBricks HomeLoans_check"</td>
<td></td>
<td>29</td>
<td>testrunner.HomeLoans2testRunner@79e4c792</td></tr>
<tr>
<td title='testrunner.Checkout_TestRunner_Excel.runScenario()'><b>runScenario</b><br>Test class: testrunner.Checkout_TestRunner_Excel<br>Test method: Runs Cucumber Scenarios<br>Parameters: "validate User enter Income with valid data", "MagicBricks HomeLoans_check"</td>
<td></td>
<td>27</td>
<td>testrunner.Checkout_TestRunner_Excel@8519cb4</td></tr>
<tr>
<td title='testrunner.HomeLoans2testRunner.runScenario()'><b>runScenario</b><br>Test class: testrunner.HomeLoans2testRunner<br>Test method: Runs Cucumber Scenarios<br>Parameters: "Validate User enter Income with InvalidData", "MagicBricks HomeLoans_check"</td>
<td></td>
<td>26</td>
<td>testrunner.HomeLoans2testRunner@79e4c792</td></tr>
</table><p>
</body>
</html>